<?xml version="1.0" encoding="UTF-8"?>
<!-- Generated by org.testng.reporters.JUnitReportReporter -->
<testsuite hostname="DESKTOP-PTLF5S0" failures="0" tests="1" name="Scripts.Testcase2" time="6.692" errors="0" timestamp="2023-06-25T15:12:09 IST" skipped="0">
  <testcase classname="Scripts.Testcase2" name="tc2" time="6.692"/>
  <system-out/>
</testsuite> <!-- Scripts.Testcase2 -->
