<?xml version="1.0" encoding="UTF-8"?>
<!-- Generated by org.testng.reporters.JUnitReportReporter -->
<testsuite hostname="DESKTOP-PTLF5S0" failures="0" tests="1" name="Scripts.Testcase1" time="6.327" errors="0" timestamp="2023-06-25T15:12:09 IST" skipped="0">
  <testcase classname="Scripts.Testcase1" name="tc1" time="6.327"/>
  <system-out/>
</testsuite> <!-- Scripts.Testcase1 -->
