<?xml version="1.0" encoding="UTF-8"?>
<!-- Generated by org.testng.reporters.JUnitReportReporter -->
<testsuite hostname="DESKTOP-PTLF5S0" failures="0" tests="1" name="Scripts.Testcase3" time="14.794" errors="0" timestamp="2023-06-25T15:12:09 IST" skipped="0">
  <testcase classname="Scripts.Testcase3" name="tc3" time="14.794"/>
  <system-out/>
</testsuite> <!-- Scripts.Testcase3 -->
